2022-09-08T21:17:08+00:00 CRITICAL Uncaught Error: Call to undefined function du_shortcode() in /home/dcalasan/public_html/roman/wp-content/themes/Divi-child/functions.php:49
Stack trace:
#0 /home/dcalasan/public_html/roman/wp-includes/class-wp-hook.php(307): dodaj_autora('')
#1 /home/dcalasan/public_html/roman/wp-includes/class-wp-hook.php(331): WP_Hook->apply_filters('', Array)
#2 /home/dcalasan/public_html/roman/wp-includes/plugin.php(476): WP_Hook->do_action(Array)
#3 /home/dcalasan/public_html/roman/wp-content/plugins/woocommerce/templates/single-product/add-to-cart/simple.php(54): do_action('woocommerce_aft...')
#4 /home/dcalasan/public_html/roman/wp-content/plugins/woocommerce/includes/wc-core-functions.php(345): include('/home/dcalasan/...')
#5 /home/dcalasan/public_html/roman/wp-content/plugins/woocommerce/includes/wc-template-functions.php(1696): wc_get_template('single-product/...')
#6 /home/dcalasan/public_html/roman/wp-includes/class-wp-hook.php(307): woocommerce_simple_add_to_cart('')
#7 /home/dcalasan/public_html/roman/wp-includes/class-wp-hook.php(331): WP_Hook->apply_filters('', Array)
#8 /home/dcalasan/public_html/roman/wp-includes/plugin.php(476): WP_Hook->do_action(Array)
#9 /home/dcalasan/public_html/roman/wp-content/plugins/woocommerce/includes/wc-template-functions.php(1687): do_action('woocommerce_sim...')
#10 /home/dcalasan/public_html/roman/wp-content/themes/Divi/includes/builder/feature/woocommerce-modules.php(1121): woocommerce_template_single_add_to_cart()
#11 /home/dcalasan/public_html/roman/wp-content/themes/Divi/includes/builder/module/woocommerce/AddToCart.php(477): et_builder_wc_render_module_template('woocommerce_tem...', Array, Array)
#12 /home/dcalasan/public_html/roman/wp-content/themes/Divi/includes/builder/module/woocommerce/AddToCart.php(649): ET_Builder_Module_Woocommerce_Add_To_Cart::get_add_to_cart(Array)
#13 /home/dcalasan/public_html/roman/wp-content/themes/Divi/includes/builder/class-et-builder-element.php(3331): ET_Builder_Module_Woocommerce_Add_To_Cart->render(Array, '', 'et_pb_wc_add_to...', '', '', '', '', '')
#14 /home/dcalasan/public_html/roman/wp-includes/shortcodes.php(356): ET_Builder_Element->_render(Array, '', 'et_pb_wc_add_to...')
#15 [internal function]: do_shortcode_tag(Array)
#16 /home/dcalasan/public_html/roman/wp-includes/shortcodes.php(228): preg_replace_callback('/\\[(\\[?)(et_pb_...', 'do_shortcode_ta...', '[et_pb_wc_title...')
#17 /home/dcalasan/public_html/roman/wp-content/themes/Divi/includes/builder/main-structure-elements.php(3784): do_shortcode('[et_pb_wc_title...')
#18 /home/dcalasan/public_html/roman/wp-content/themes/Divi/includes/builder/class-et-builder-element.php(3331): ET_Builder_Column->render(Array, '[et_pb_wc_title...', 'et_pb_column', '', '', '', '', '')
#19 /home/dcalasan/public_html/roman/wp-includes/shortcodes.php(356): ET_Builder_Element->_render(Array, '[et_pb_wc_title...', 'et_pb_column')
#20 [internal function]: do_shortcode_tag(Array)
#21 /home/dcalasan/public_html/roman/wp-includes/shortcodes.php(228): preg_replace_callback('/\\[(\\[?)(et_pb_...', 'do_shortcode_ta...', '[et_pb_column t...')
#22 /home/dcalasan/public_html/roman/wp-content/themes/Divi/includes/builder/main-structure-elements.php(2274): do_shortcode('[et_pb_column t...')
#23 /home/dcalasan/public_html/roman/wp-content/themes/Divi/includes/builder/class-et-builder-element.php(3331): ET_Builder_Row->render(Array, '[et_pb_column t...', 'et_pb_row', '', '', '', '', '')
#24 /home/dcalasan/public_html/roman/wp-includes/shortcodes.php(356): ET_Builder_Element->_render(Array, '[et_pb_column t...', 'et_pb_row')
#25 [internal function]: do_shortcode_tag(Array)
#26 /home/dcalasan/public_html/roman/wp-includes/shortcodes.php(228): preg_replace_callback('/\\[(\\[?)(et_pb_...', 'do_shortcode_ta...', '[et_pb_row colu...')
#27 /home/dcalasan/public_html/roman/wp-content/themes/Divi/includes/builder/main-structure-elements.php(1606): do_shortcode('[et_pb_row colu...')
#28 /home/dcalasan/public_html/roman/wp-content/themes/Divi/includes/builder/class-et-builder-element.php(3331): ET_Builder_Section->render(Array, '[et_pb_row colu...', 'et_pb_section', '', '', '', '', '')
#29 /home/dcalasan/public_html/roman/wp-includes/shortcodes.php(356): ET_Builder_Element->_render(Array, '[et_pb_row colu...', 'et_pb_section')
#30 [internal function]: do_shortcode_tag(Array)
#31 /home/dcalasan/public_html/roman/wp-includes/shortcodes.php(228): preg_replace_callback('/\\[(\\[?)(et_pb_...', 'do_shortcode_ta...', '<div class="et-...')
#32 /home/dcalasan/public_html/roman/wp-includes/class-wp-hook.php(307): do_shortcode('<div class="et-...')
#33 /home/dcalasan/public_html/roman/wp-includes/plugin.php(191): WP_Hook->apply_filters('<div class="et-...', Array)
#34 /home/dcalasan/public_html/roman/wp-content/themes/Divi/includes/builder/core.php(26): apply_filters('et_builder_rend...', '[et_pb_section ...')
#35 /home/dcalasan/public_html/roman/wp-content/themes/Divi/includes/builder/frontend-builder/theme-builder/frontend.php(347): et_builder_render_layout('[et_pb_section ...')
#36 /home/dcalasan/public_html/roman/wp-content/themes/Divi/includes/builder/frontend-builder/theme-builder/frontend.php(506): et_theme_builder_frontend_render_layout('et_body_layout', 92)
#37 /home/dcalasan/public_html/roman/wp-content/themes/Divi/includes/builder/frontend-builder/theme-builder/frontend-body-template.php(10): et_theme_builder_frontend_render_body(92, true, 100)
#38 /home/dcalasan/public_html/roman/wp-includes/template-loader.php(106): include('/home/dcalasan/...')
#39 /home/dcalasan/public_html/roman/wp-blog-header.php(19): require_once('/home/dcalasan/...')
#40 /home/dcalasan/public_html/roman/index.php(17): require('/home/dcalasan/...')
#41 {main}
  thrown in /home/dcalasan/public_html/roman/wp-content/themes/Divi-child/functions.php on line 49

2022-09-08T21:17:16+00:00 CRITICAL Uncaught Error: Call to undefined function du_shortcode() in /home/dcalasan/public_html/roman/wp-content/themes/Divi-child/functions.php:49
Stack trace:
#0 /home/dcalasan/public_html/roman/wp-includes/class-wp-hook.php(307): dodaj_autora('')
#1 /home/dcalasan/public_html/roman/wp-includes/class-wp-hook.php(331): WP_Hook->apply_filters('', Array)
#2 /home/dcalasan/public_html/roman/wp-includes/plugin.php(476): WP_Hook->do_action(Array)
#3 /home/dcalasan/public_html/roman/wp-content/plugins/woocommerce/templates/single-product/add-to-cart/simple.php(54): do_action('woocommerce_aft...')
#4 /home/dcalasan/public_html/roman/wp-content/plugins/woocommerce/includes/wc-core-functions.php(345): include('/home/dcalasan/...')
#5 /home/dcalasan/public_html/roman/wp-content/plugins/woocommerce/includes/wc-template-functions.php(1696): wc_get_template('single-product/...')
#6 /home/dcalasan/public_html/roman/wp-includes/class-wp-hook.php(307): woocommerce_simple_add_to_cart('')
#7 /home/dcalasan/public_html/roman/wp-includes/class-wp-hook.php(331): WP_Hook->apply_filters('', Array)
#8 /home/dcalasan/public_html/roman/wp-includes/plugin.php(476): WP_Hook->do_action(Array)
#9 /home/dcalasan/public_html/roman/wp-content/plugins/woocommerce/includes/wc-template-functions.php(1687): do_action('woocommerce_sim...')
#10 /home/dcalasan/public_html/roman/wp-content/themes/Divi/includes/builder/feature/woocommerce-modules.php(1121): woocommerce_template_single_add_to_cart()
#11 /home/dcalasan/public_html/roman/wp-content/themes/Divi/includes/builder/module/woocommerce/AddToCart.php(477): et_builder_wc_render_module_template('woocommerce_tem...', Array, Array)
#12 /home/dcalasan/public_html/roman/wp-content/themes/Divi/includes/builder/module/woocommerce/AddToCart.php(649): ET_Builder_Module_Woocommerce_Add_To_Cart::get_add_to_cart(Array)
#13 /home/dcalasan/public_html/roman/wp-content/themes/Divi/includes/builder/class-et-builder-element.php(3331): ET_Builder_Module_Woocommerce_Add_To_Cart->render(Array, '', 'et_pb_wc_add_to...', '', '', '', '', '')
#14 /home/dcalasan/public_html/roman/wp-includes/shortcodes.php(356): ET_Builder_Element->_render(Array, '', 'et_pb_wc_add_to...')
#15 [internal function]: do_shortcode_tag(Array)
#16 /home/dcalasan/public_html/roman/wp-includes/shortcodes.php(228): preg_replace_callback('/\\[(\\[?)(et_pb_...', 'do_shortcode_ta...', '[et_pb_wc_title...')
#17 /home/dcalasan/public_html/roman/wp-content/themes/Divi/includes/builder/main-structure-elements.php(3784): do_shortcode('[et_pb_wc_title...')
#18 /home/dcalasan/public_html/roman/wp-content/themes/Divi/includes/builder/class-et-builder-element.php(3331): ET_Builder_Column->render(Array, '[et_pb_wc_title...', 'et_pb_column', '', '', '', '', '')
#19 /home/dcalasan/public_html/roman/wp-includes/shortcodes.php(356): ET_Builder_Element->_render(Array, '[et_pb_wc_title...', 'et_pb_column')
#20 [internal function]: do_shortcode_tag(Array)
#21 /home/dcalasan/public_html/roman/wp-includes/shortcodes.php(228): preg_replace_callback('/\\[(\\[?)(et_pb_...', 'do_shortcode_ta...', '[et_pb_column t...')
#22 /home/dcalasan/public_html/roman/wp-content/themes/Divi/includes/builder/main-structure-elements.php(2274): do_shortcode('[et_pb_column t...')
#23 /home/dcalasan/public_html/roman/wp-content/themes/Divi/includes/builder/class-et-builder-element.php(3331): ET_Builder_Row->render(Array, '[et_pb_column t...', 'et_pb_row', '', '', '', '', '')
#24 /home/dcalasan/public_html/roman/wp-includes/shortcodes.php(356): ET_Builder_Element->_render(Array, '[et_pb_column t...', 'et_pb_row')
#25 [internal function]: do_shortcode_tag(Array)
#26 /home/dcalasan/public_html/roman/wp-includes/shortcodes.php(228): preg_replace_callback('/\\[(\\[?)(et_pb_...', 'do_shortcode_ta...', '[et_pb_row _bui...')
#27 /home/dcalasan/public_html/roman/wp-content/themes/Divi/includes/builder/main-structure-elements.php(1606): do_shortcode('[et_pb_row _bui...')
#28 /home/dcalasan/public_html/roman/wp-content/themes/Divi/includes/builder/class-et-builder-element.php(3331): ET_Builder_Section->render(Array, '[et_pb_row _bui...', 'et_pb_section', '', '', '', '', '')
#29 /home/dcalasan/public_html/roman/wp-includes/shortcodes.php(356): ET_Builder_Element->_render(Array, '[et_pb_row _bui...', 'et_pb_section')
#30 [internal function]: do_shortcode_tag(Array)
#31 /home/dcalasan/public_html/roman/wp-includes/shortcodes.php(228): preg_replace_callback('/\\[(\\[?)(et_pb_...', 'do_shortcode_ta...', '[et_pb_section ...')
#32 /home/dcalasan/public_html/roman/wp-content/plugins/woocommerce/includes/class-wc-structured-data.php(203): do_shortcode('[et_pb_section ...')
#33 /home/dcalasan/public_html/roman/wp-includes/class-wp-hook.php(307): WC_Structured_Data->generate_product_data(Object(WC_Product_Simple))
#34 /home/dcalasan/public_html/roman/wp-includes/class-wp-hook.php(331): WP_Hook->apply_filters('', Array)
#35 /home/dcalasan/public_html/roman/wp-includes/plugin.php(476): WP_Hook->do_action(Array)
#36 /home/dcalasan/public_html/roman/wp-content/themes/Divi/includes/builder/plugin-compat/woocommerce.php(353): do_action('woocommerce_sin...')
#37 /home/dcalasan/public_html/roman/wp-includes/class-wp-hook.php(309): ET_Builder_Plugin_Compat_WooCommerce->maybe_trigger_woo_hooks_in_theme_builder_body('et_body_layout')
#38 /home/dcalasan/public_html/roman/wp-includes/class-wp-hook.php(331): WP_Hook->apply_filters('', Array)
#39 /home/dcalasan/public_html/roman/wp-includes/plugin.php(476): WP_Hook->do_action(Array)
#40 /home/dcalasan/public_html/roman/wp-content/themes/Divi/includes/builder/frontend-builder/theme-builder/frontend.php(330): do_action('et_theme_builde...', 'et_body_layout', 92)
#41 /home/dcalasan/public_html/roman/wp-content/themes/Divi/includes/builder/frontend-builder/theme-builder/frontend.php(506): et_theme_builder_frontend_render_layout('et_body_layout', 92)
#42 /home/dcalasan/public_html/roman/wp-content/themes/Divi/includes/builder/frontend-builder/theme-builder/frontend-body-template.php(10): et_theme_builder_frontend_render_body(92, true, 100)
#43 /home/dcalasan/public_html/roman/wp-includes/template-loader.php(106): include('/home/dcalasan/...')
#44 /home/dcalasan/public_html/roman/wp-blog-header.php(19): require_once('/home/dcalasan/...')
#45 /home/dcalasan/public_html/roman/index.php(17): require('/home/dcalasan/...')
#46 {main}
  thrown in /home/dcalasan/public_html/roman/wp-content/themes/Divi-child/functions.php on line 49

2022-09-08T21:17:48+00:00 CRITICAL Uncaught Error: Call to undefined function du_shortcode() in /home/dcalasan/public_html/roman/wp-content/themes/Divi-child/functions.php:49
Stack trace:
#0 /home/dcalasan/public_html/roman/wp-includes/class-wp-hook.php(307): dodaj_autora('')
#1 /home/dcalasan/public_html/roman/wp-includes/class-wp-hook.php(331): WP_Hook->apply_filters('', Array)
#2 /home/dcalasan/public_html/roman/wp-includes/plugin.php(476): WP_Hook->do_action(Array)
#3 /home/dcalasan/public_html/roman/wp-content/plugins/woocommerce/templates/single-product/add-to-cart/simple.php(54): do_action('woocommerce_aft...')
#4 /home/dcalasan/public_html/roman/wp-content/plugins/woocommerce/includes/wc-core-functions.php(345): include('/home/dcalasan/...')
#5 /home/dcalasan/public_html/roman/wp-content/plugins/woocommerce/includes/wc-template-functions.php(1696): wc_get_template('single-product/...')
#6 /home/dcalasan/public_html/roman/wp-includes/class-wp-hook.php(307): woocommerce_simple_add_to_cart('')
#7 /home/dcalasan/public_html/roman/wp-includes/class-wp-hook.php(331): WP_Hook->apply_filters('', Array)
#8 /home/dcalasan/public_html/roman/wp-includes/plugin.php(476): WP_Hook->do_action(Array)
#9 /home/dcalasan/public_html/roman/wp-content/plugins/woocommerce/includes/wc-template-functions.php(1687): do_action('woocommerce_sim...')
#10 /home/dcalasan/public_html/roman/wp-content/themes/Divi/includes/builder/feature/woocommerce-modules.php(1121): woocommerce_template_single_add_to_cart()
#11 /home/dcalasan/public_html/roman/wp-content/themes/Divi/includes/builder/module/woocommerce/AddToCart.php(477): et_builder_wc_render_module_template('woocommerce_tem...', Array, Array)
#12 /home/dcalasan/public_html/roman/wp-content/themes/Divi/includes/builder/module/woocommerce/AddToCart.php(649): ET_Builder_Module_Woocommerce_Add_To_Cart::get_add_to_cart(Array)
#13 /home/dcalasan/public_html/roman/wp-content/themes/Divi/includes/builder/class-et-builder-element.php(3331): ET_Builder_Module_Woocommerce_Add_To_Cart->render(Array, '', 'et_pb_wc_add_to...', '', '', '', '', '')
#14 /home/dcalasan/public_html/roman/wp-includes/shortcodes.php(356): ET_Builder_Element->_render(Array, '', 'et_pb_wc_add_to...')
#15 [internal function]: do_shortcode_tag(Array)
#16 /home/dcalasan/public_html/roman/wp-includes/shortcodes.php(228): preg_replace_callback('/\\[(\\[?)(et_pb_...', 'do_shortcode_ta...', '[et_pb_wc_title...')
#17 /home/dcalasan/public_html/roman/wp-content/themes/Divi/includes/builder/main-structure-elements.php(3784): do_shortcode('[et_pb_wc_title...')
#18 /home/dcalasan/public_html/roman/wp-content/themes/Divi/includes/builder/class-et-builder-element.php(3331): ET_Builder_Column->render(Array, '[et_pb_wc_title...', 'et_pb_column', '', '', '', '', '')
#19 /home/dcalasan/public_html/roman/wp-includes/shortcodes.php(356): ET_Builder_Element->_render(Array, '[et_pb_wc_title...', 'et_pb_column')
#20 [internal function]: do_shortcode_tag(Array)
#21 /home/dcalasan/public_html/roman/wp-includes/shortcodes.php(228): preg_replace_callback('/\\[(\\[?)(et_pb_...', 'do_shortcode_ta...', '[et_pb_column t...')
#22 /home/dcalasan/public_html/roman/wp-content/themes/Divi/includes/builder/main-structure-elements.php(2274): do_shortcode('[et_pb_column t...')
#23 /home/dcalasan/public_html/roman/wp-content/themes/Divi/includes/builder/class-et-builder-element.php(3331): ET_Builder_Row->render(Array, '[et_pb_column t...', 'et_pb_row', '', '', '', '', '')
#24 /home/dcalasan/public_html/roman/wp-includes/shortcodes.php(356): ET_Builder_Element->_render(Array, '[et_pb_column t...', 'et_pb_row')
#25 [internal function]: do_shortcode_tag(Array)
#26 /home/dcalasan/public_html/roman/wp-includes/shortcodes.php(228): preg_replace_callback('/\\[(\\[?)(et_pb_...', 'do_shortcode_ta...', '[et_pb_row _bui...')
#27 /home/dcalasan/public_html/roman/wp-content/themes/Divi/includes/builder/main-structure-elements.php(1606): do_shortcode('[et_pb_row _bui...')
#28 /home/dcalasan/public_html/roman/wp-content/themes/Divi/includes/builder/class-et-builder-element.php(3331): ET_Builder_Section->render(Array, '[et_pb_row _bui...', 'et_pb_section', '', '', '', '', '')
#29 /home/dcalasan/public_html/roman/wp-includes/shortcodes.php(356): ET_Builder_Element->_render(Array, '[et_pb_row _bui...', 'et_pb_section')
#30 [internal function]: do_shortcode_tag(Array)
#31 /home/dcalasan/public_html/roman/wp-includes/shortcodes.php(228): preg_replace_callback('/\\[(\\[?)(et_pb_...', 'do_shortcode_ta...', '[et_pb_section ...')
#32 /home/dcalasan/public_html/roman/wp-content/plugins/woocommerce/includes/class-wc-structured-data.php(203): do_shortcode('[et_pb_section ...')
#33 /home/dcalasan/public_html/roman/wp-includes/class-wp-hook.php(307): WC_Structured_Data->generate_product_data(Object(WC_Product_Simple))
#34 /home/dcalasan/public_html/roman/wp-includes/class-wp-hook.php(331): WP_Hook->apply_filters('', Array)
#35 /home/dcalasan/public_html/roman/wp-includes/plugin.php(476): WP_Hook->do_action(Array)
#36 /home/dcalasan/public_html/roman/wp-content/themes/Divi/includes/builder/plugin-compat/woocommerce.php(353): do_action('woocommerce_sin...')
#37 /home/dcalasan/public_html/roman/wp-includes/class-wp-hook.php(309): ET_Builder_Plugin_Compat_WooCommerce->maybe_trigger_woo_hooks_in_theme_builder_body('et_body_layout')
#38 /home/dcalasan/public_html/roman/wp-includes/class-wp-hook.php(331): WP_Hook->apply_filters('', Array)
#39 /home/dcalasan/public_html/roman/wp-includes/plugin.php(476): WP_Hook->do_action(Array)
#40 /home/dcalasan/public_html/roman/wp-content/themes/Divi/includes/builder/frontend-builder/theme-builder/frontend.php(330): do_action('et_theme_builde...', 'et_body_layout', 92)
#41 /home/dcalasan/public_html/roman/wp-content/themes/Divi/includes/builder/frontend-builder/theme-builder/frontend.php(506): et_theme_builder_frontend_render_layout('et_body_layout', 92)
#42 /home/dcalasan/public_html/roman/wp-content/themes/Divi/includes/builder/frontend-builder/theme-builder/frontend-body-template.php(10): et_theme_builder_frontend_render_body(92, true, 100)
#43 /home/dcalasan/public_html/roman/wp-includes/template-loader.php(106): include('/home/dcalasan/...')
#44 /home/dcalasan/public_html/roman/wp-blog-header.php(19): require_once('/home/dcalasan/...')
#45 /home/dcalasan/public_html/roman/index.php(17): require('/home/dcalasan/...')
#46 {main}
  thrown in /home/dcalasan/public_html/roman/wp-content/themes/Divi-child/functions.php on line 49

2022-09-08T21:19:00+00:00 CRITICAL Uncaught Error: Call to undefined function du_shortcode() in /home/dcalasan/public_html/roman/wp-content/themes/Divi-child/functions.php:49
Stack trace:
#0 /home/dcalasan/public_html/roman/wp-includes/class-wp-hook.php(307): dodaj_autora('')
#1 /home/dcalasan/public_html/roman/wp-includes/class-wp-hook.php(331): WP_Hook->apply_filters('', Array)
#2 /home/dcalasan/public_html/roman/wp-includes/plugin.php(476): WP_Hook->do_action(Array)
#3 /home/dcalasan/public_html/roman/wp-content/plugins/woocommerce/templates/single-product/add-to-cart/simple.php(54): do_action('woocommerce_aft...')
#4 /home/dcalasan/public_html/roman/wp-content/plugins/woocommerce/includes/wc-core-functions.php(345): include('/home/dcalasan/...')
#5 /home/dcalasan/public_html/roman/wp-content/plugins/woocommerce/includes/wc-template-functions.php(1696): wc_get_template('single-product/...')
#6 /home/dcalasan/public_html/roman/wp-includes/class-wp-hook.php(307): woocommerce_simple_add_to_cart('')
#7 /home/dcalasan/public_html/roman/wp-includes/class-wp-hook.php(331): WP_Hook->apply_filters('', Array)
#8 /home/dcalasan/public_html/roman/wp-includes/plugin.php(476): WP_Hook->do_action(Array)
#9 /home/dcalasan/public_html/roman/wp-content/plugins/woocommerce/includes/wc-template-functions.php(1687): do_action('woocommerce_sim...')
#10 /home/dcalasan/public_html/roman/wp-content/themes/Divi/includes/builder/feature/woocommerce-modules.php(1121): woocommerce_template_single_add_to_cart()
#11 /home/dcalasan/public_html/roman/wp-content/themes/Divi/includes/builder/module/woocommerce/AddToCart.php(477): et_builder_wc_render_module_template('woocommerce_tem...', Array, Array)
#12 /home/dcalasan/public_html/roman/wp-content/themes/Divi/includes/builder/module/woocommerce/AddToCart.php(649): ET_Builder_Module_Woocommerce_Add_To_Cart::get_add_to_cart(Array)
#13 /home/dcalasan/public_html/roman/wp-content/themes/Divi/includes/builder/class-et-builder-element.php(3331): ET_Builder_Module_Woocommerce_Add_To_Cart->render(Array, '', 'et_pb_wc_add_to...', '', '', '', '', '')
#14 /home/dcalasan/public_html/roman/wp-includes/shortcodes.php(356): ET_Builder_Element->_render(Array, '', 'et_pb_wc_add_to...')
#15 [internal function]: do_shortcode_tag(Array)
#16 /home/dcalasan/public_html/roman/wp-includes/shortcodes.php(228): preg_replace_callback('/\\[(\\[?)(et_pb_...', 'do_shortcode_ta...', '[et_pb_wc_title...')
#17 /home/dcalasan/public_html/roman/wp-content/themes/Divi/includes/builder/main-structure-elements.php(3784): do_shortcode('[et_pb_wc_title...')
#18 /home/dcalasan/public_html/roman/wp-content/themes/Divi/includes/builder/class-et-builder-element.php(3331): ET_Builder_Column->render(Array, '[et_pb_wc_title...', 'et_pb_column', '', '', '', '', '')
#19 /home/dcalasan/public_html/roman/wp-includes/shortcodes.php(356): ET_Builder_Element->_render(Array, '[et_pb_wc_title...', 'et_pb_column')
#20 [internal function]: do_shortcode_tag(Array)
#21 /home/dcalasan/public_html/roman/wp-includes/shortcodes.php(228): preg_replace_callback('/\\[(\\[?)(et_pb_...', 'do_shortcode_ta...', '[et_pb_column t...')
#22 /home/dcalasan/public_html/roman/wp-content/themes/Divi/includes/builder/main-structure-elements.php(2274): do_shortcode('[et_pb_column t...')
#23 /home/dcalasan/public_html/roman/wp-content/themes/Divi/includes/builder/class-et-builder-element.php(3331): ET_Builder_Row->render(Array, '[et_pb_column t...', 'et_pb_row', '', '', '', '', '')
#24 /home/dcalasan/public_html/roman/wp-includes/shortcodes.php(356): ET_Builder_Element->_render(Array, '[et_pb_column t...', 'et_pb_row')
#25 [internal function]: do_shortcode_tag(Array)
#26 /home/dcalasan/public_html/roman/wp-includes/shortcodes.php(228): preg_replace_callback('/\\[(\\[?)(et_pb_...', 'do_shortcode_ta...', '[et_pb_row colu...')
#27 /home/dcalasan/public_html/roman/wp-content/themes/Divi/includes/builder/main-structure-elements.php(1606): do_shortcode('[et_pb_row colu...')
#28 /home/dcalasan/public_html/roman/wp-content/themes/Divi/includes/builder/class-et-builder-element.php(3331): ET_Builder_Section->render(Array, '[et_pb_row colu...', 'et_pb_section', '', '', '', '', '')
#29 /home/dcalasan/public_html/roman/wp-includes/shortcodes.php(356): ET_Builder_Element->_render(Array, '[et_pb_row colu...', 'et_pb_section')
#30 [internal function]: do_shortcode_tag(Array)
#31 /home/dcalasan/public_html/roman/wp-includes/shortcodes.php(228): preg_replace_callback('/\\[(\\[?)(et_pb_...', 'do_shortcode_ta...', '<div class="et-...')
#32 /home/dcalasan/public_html/roman/wp-includes/class-wp-hook.php(307): do_shortcode('<div class="et-...')
#33 /home/dcalasan/public_html/roman/wp-includes/plugin.php(191): WP_Hook->apply_filters('<div class="et-...', Array)
#34 /home/dcalasan/public_html/roman/wp-content/themes/Divi/includes/builder/core.php(26): apply_filters('et_builder_rend...', '[et_pb_section ...')
#35 /home/dcalasan/public_html/roman/wp-content/themes/Divi/includes/builder/frontend-builder/theme-builder/frontend.php(347): et_builder_render_layout('[et_pb_section ...')
#36 /home/dcalasan/public_html/roman/wp-content/themes/Divi/includes/builder/frontend-builder/theme-builder/frontend.php(506): et_theme_builder_frontend_render_layout('et_body_layout', 92)
#37 /home/dcalasan/public_html/roman/wp-content/themes/Divi/includes/builder/frontend-builder/theme-builder/frontend-body-template.php(10): et_theme_builder_frontend_render_body(92, true, 100)
#38 /home/dcalasan/public_html/roman/wp-includes/template-loader.php(106): include('/home/dcalasan/...')
#39 /home/dcalasan/public_html/roman/wp-blog-header.php(19): require_once('/home/dcalasan/...')
#40 /home/dcalasan/public_html/roman/index.php(17): require('/home/dcalasan/...')
#41 {main}
  thrown in /home/dcalasan/public_html/roman/wp-content/themes/Divi-child/functions.php on line 49

2022-09-08T21:19:11+00:00 CRITICAL Uncaught Error: Call to undefined function du_shortcode() in /home/dcalasan/public_html/roman/wp-content/themes/Divi-child/functions.php:49
Stack trace:
#0 /home/dcalasan/public_html/roman/wp-includes/class-wp-hook.php(307): dodaj_autora('')
#1 /home/dcalasan/public_html/roman/wp-includes/class-wp-hook.php(331): WP_Hook->apply_filters('', Array)
#2 /home/dcalasan/public_html/roman/wp-includes/plugin.php(476): WP_Hook->do_action(Array)
#3 /home/dcalasan/public_html/roman/wp-content/plugins/woocommerce/templates/single-product/add-to-cart/simple.php(54): do_action('woocommerce_aft...')
#4 /home/dcalasan/public_html/roman/wp-content/plugins/woocommerce/includes/wc-core-functions.php(345): include('/home/dcalasan/...')
#5 /home/dcalasan/public_html/roman/wp-content/plugins/woocommerce/includes/wc-template-functions.php(1696): wc_get_template('single-product/...')
#6 /home/dcalasan/public_html/roman/wp-includes/class-wp-hook.php(307): woocommerce_simple_add_to_cart('')
#7 /home/dcalasan/public_html/roman/wp-includes/class-wp-hook.php(331): WP_Hook->apply_filters('', Array)
#8 /home/dcalasan/public_html/roman/wp-includes/plugin.php(476): WP_Hook->do_action(Array)
#9 /home/dcalasan/public_html/roman/wp-content/plugins/woocommerce/includes/wc-template-functions.php(1687): do_action('woocommerce_sim...')
#10 /home/dcalasan/public_html/roman/wp-content/themes/Divi/includes/builder/feature/woocommerce-modules.php(1121): woocommerce_template_single_add_to_cart()
#11 /home/dcalasan/public_html/roman/wp-content/themes/Divi/includes/builder/module/woocommerce/AddToCart.php(477): et_builder_wc_render_module_template('woocommerce_tem...', Array, Array)
#12 /home/dcalasan/public_html/roman/wp-content/themes/Divi/includes/builder/module/woocommerce/AddToCart.php(649): ET_Builder_Module_Woocommerce_Add_To_Cart::get_add_to_cart(Array)
#13 /home/dcalasan/public_html/roman/wp-content/themes/Divi/includes/builder/class-et-builder-element.php(3331): ET_Builder_Module_Woocommerce_Add_To_Cart->render(Array, '', 'et_pb_wc_add_to...', '', '', '', '', '')
#14 /home/dcalasan/public_html/roman/wp-includes/shortcodes.php(356): ET_Builder_Element->_render(Array, '', 'et_pb_wc_add_to...')
#15 [internal function]: do_shortcode_tag(Array)
#16 /home/dcalasan/public_html/roman/wp-includes/shortcodes.php(228): preg_replace_callback('/\\[(\\[?)(et_pb_...', 'do_shortcode_ta...', '[et_pb_wc_title...')
#17 /home/dcalasan/public_html/roman/wp-content/themes/Divi/includes/builder/main-structure-elements.php(3784): do_shortcode('[et_pb_wc_title...')
#18 /home/dcalasan/public_html/roman/wp-content/themes/Divi/includes/builder/class-et-builder-element.php(3331): ET_Builder_Column->render(Array, '[et_pb_wc_title...', 'et_pb_column', '', '', '', '', '')
#19 /home/dcalasan/public_html/roman/wp-includes/shortcodes.php(356): ET_Builder_Element->_render(Array, '[et_pb_wc_title...', 'et_pb_column')
#20 [internal function]: do_shortcode_tag(Array)
#21 /home/dcalasan/public_html/roman/wp-includes/shortcodes.php(228): preg_replace_callback('/\\[(\\[?)(et_pb_...', 'do_shortcode_ta...', '[et_pb_column t...')
#22 /home/dcalasan/public_html/roman/wp-content/themes/Divi/includes/builder/main-structure-elements.php(2274): do_shortcode('[et_pb_column t...')
#23 /home/dcalasan/public_html/roman/wp-content/themes/Divi/includes/builder/class-et-builder-element.php(3331): ET_Builder_Row->render(Array, '[et_pb_column t...', 'et_pb_row', '', '', '', '', '')
#24 /home/dcalasan/public_html/roman/wp-includes/shortcodes.php(356): ET_Builder_Element->_render(Array, '[et_pb_column t...', 'et_pb_row')
#25 [internal function]: do_shortcode_tag(Array)
#26 /home/dcalasan/public_html/roman/wp-includes/shortcodes.php(228): preg_replace_callback('/\\[(\\[?)(et_pb_...', 'do_shortcode_ta...', '[et_pb_row colu...')
#27 /home/dcalasan/public_html/roman/wp-content/themes/Divi/includes/builder/main-structure-elements.php(1606): do_shortcode('[et_pb_row colu...')
#28 /home/dcalasan/public_html/roman/wp-content/themes/Divi/includes/builder/class-et-builder-element.php(3331): ET_Builder_Section->render(Array, '[et_pb_row colu...', 'et_pb_section', '', '', '', '', '')
#29 /home/dcalasan/public_html/roman/wp-includes/shortcodes.php(356): ET_Builder_Element->_render(Array, '[et_pb_row colu...', 'et_pb_section')
#30 [internal function]: do_shortcode_tag(Array)
#31 /home/dcalasan/public_html/roman/wp-includes/shortcodes.php(228): preg_replace_callback('/\\[(\\[?)(et_pb_...', 'do_shortcode_ta...', '<div class="et-...')
#32 /home/dcalasan/public_html/roman/wp-includes/class-wp-hook.php(307): do_shortcode('<div class="et-...')
#33 /home/dcalasan/public_html/roman/wp-includes/plugin.php(191): WP_Hook->apply_filters('<div class="et-...', Array)
#34 /home/dcalasan/public_html/roman/wp-content/themes/Divi/includes/builder/core.php(26): apply_filters('et_builder_rend...', '[et_pb_section ...')
#35 /home/dcalasan/public_html/roman/wp-content/themes/Divi/includes/builder/frontend-builder/theme-builder/frontend.php(347): et_builder_render_layout('[et_pb_section ...')
#36 /home/dcalasan/public_html/roman/wp-content/themes/Divi/includes/builder/frontend-builder/theme-builder/frontend.php(506): et_theme_builder_frontend_render_layout('et_body_layout', 92)
#37 /home/dcalasan/public_html/roman/wp-content/themes/Divi/includes/builder/frontend-builder/theme-builder/frontend-body-template.php(10): et_theme_builder_frontend_render_body(92, true, 100)
#38 /home/dcalasan/public_html/roman/wp-includes/template-loader.php(106): include('/home/dcalasan/...')
#39 /home/dcalasan/public_html/roman/wp-blog-header.php(19): require_once('/home/dcalasan/...')
#40 /home/dcalasan/public_html/roman/index.php(17): require('/home/dcalasan/...')
#41 {main}
  thrown in /home/dcalasan/public_html/roman/wp-content/themes/Divi-child/functions.php on line 49

2022-09-08T21:19:16+00:00 CRITICAL Uncaught Error: Call to undefined function du_shortcode() in /home/dcalasan/public_html/roman/wp-content/themes/Divi-child/functions.php:49
Stack trace:
#0 /home/dcalasan/public_html/roman/wp-includes/class-wp-hook.php(307): dodaj_autora('')
#1 /home/dcalasan/public_html/roman/wp-includes/class-wp-hook.php(331): WP_Hook->apply_filters('', Array)
#2 /home/dcalasan/public_html/roman/wp-includes/plugin.php(476): WP_Hook->do_action(Array)
#3 /home/dcalasan/public_html/roman/wp-content/plugins/woocommerce/templates/single-product/add-to-cart/simple.php(54): do_action('woocommerce_aft...')
#4 /home/dcalasan/public_html/roman/wp-content/plugins/woocommerce/includes/wc-core-functions.php(345): include('/home/dcalasan/...')
#5 /home/dcalasan/public_html/roman/wp-content/plugins/woocommerce/includes/wc-template-functions.php(1696): wc_get_template('single-product/...')
#6 /home/dcalasan/public_html/roman/wp-includes/class-wp-hook.php(307): woocommerce_simple_add_to_cart('')
#7 /home/dcalasan/public_html/roman/wp-includes/class-wp-hook.php(331): WP_Hook->apply_filters('', Array)
#8 /home/dcalasan/public_html/roman/wp-includes/plugin.php(476): WP_Hook->do_action(Array)
#9 /home/dcalasan/public_html/roman/wp-content/plugins/woocommerce/includes/wc-template-functions.php(1687): do_action('woocommerce_sim...')
#10 /home/dcalasan/public_html/roman/wp-content/themes/Divi/includes/builder/feature/woocommerce-modules.php(1121): woocommerce_template_single_add_to_cart()
#11 /home/dcalasan/public_html/roman/wp-content/themes/Divi/includes/builder/module/woocommerce/AddToCart.php(477): et_builder_wc_render_module_template('woocommerce_tem...', Array, Array)
#12 /home/dcalasan/public_html/roman/wp-content/themes/Divi/includes/builder/module/woocommerce/AddToCart.php(649): ET_Builder_Module_Woocommerce_Add_To_Cart::get_add_to_cart(Array)
#13 /home/dcalasan/public_html/roman/wp-content/themes/Divi/includes/builder/class-et-builder-element.php(3331): ET_Builder_Module_Woocommerce_Add_To_Cart->render(Array, '', 'et_pb_wc_add_to...', '', '', '', '', '')
#14 /home/dcalasan/public_html/roman/wp-includes/shortcodes.php(356): ET_Builder_Element->_render(Array, '', 'et_pb_wc_add_to...')
#15 [internal function]: do_shortcode_tag(Array)
#16 /home/dcalasan/public_html/roman/wp-includes/shortcodes.php(228): preg_replace_callback('/\\[(\\[?)(et_pb_...', 'do_shortcode_ta...', '[et_pb_wc_title...')
#17 /home/dcalasan/public_html/roman/wp-content/themes/Divi/includes/builder/main-structure-elements.php(3784): do_shortcode('[et_pb_wc_title...')
#18 /home/dcalasan/public_html/roman/wp-content/themes/Divi/includes/builder/class-et-builder-element.php(3331): ET_Builder_Column->render(Array, '[et_pb_wc_title...', 'et_pb_column', '', '', '', '', '')
#19 /home/dcalasan/public_html/roman/wp-includes/shortcodes.php(356): ET_Builder_Element->_render(Array, '[et_pb_wc_title...', 'et_pb_column')
#20 [internal function]: do_shortcode_tag(Array)
#21 /home/dcalasan/public_html/roman/wp-includes/shortcodes.php(228): preg_replace_callback('/\\[(\\[?)(et_pb_...', 'do_shortcode_ta...', '[et_pb_column t...')
#22 /home/dcalasan/public_html/roman/wp-content/themes/Divi/includes/builder/main-structure-elements.php(2274): do_shortcode('[et_pb_column t...')
#23 /home/dcalasan/public_html/roman/wp-content/themes/Divi/includes/builder/class-et-builder-element.php(3331): ET_Builder_Row->render(Array, '[et_pb_column t...', 'et_pb_row', '', '', '', '', '')
#24 /home/dcalasan/public_html/roman/wp-includes/shortcodes.php(356): ET_Builder_Element->_render(Array, '[et_pb_column t...', 'et_pb_row')
#25 [internal function]: do_shortcode_tag(Array)
#26 /home/dcalasan/public_html/roman/wp-includes/shortcodes.php(228): preg_replace_callback('/\\[(\\[?)(et_pb_...', 'do_shortcode_ta...', '[et_pb_row colu...')
#27 /home/dcalasan/public_html/roman/wp-content/themes/Divi/includes/builder/main-structure-elements.php(1606): do_shortcode('[et_pb_row colu...')
#28 /home/dcalasan/public_html/roman/wp-content/themes/Divi/includes/builder/class-et-builder-element.php(3331): ET_Builder_Section->render(Array, '[et_pb_row colu...', 'et_pb_section', '', '', '', '', '')
#29 /home/dcalasan/public_html/roman/wp-includes/shortcodes.php(356): ET_Builder_Element->_render(Array, '[et_pb_row colu...', 'et_pb_section')
#30 [internal function]: do_shortcode_tag(Array)
#31 /home/dcalasan/public_html/roman/wp-includes/shortcodes.php(228): preg_replace_callback('/\\[(\\[?)(et_pb_...', 'do_shortcode_ta...', '<div class="et-...')
#32 /home/dcalasan/public_html/roman/wp-includes/class-wp-hook.php(307): do_shortcode('<div class="et-...')
#33 /home/dcalasan/public_html/roman/wp-includes/plugin.php(191): WP_Hook->apply_filters('<div class="et-...', Array)
#34 /home/dcalasan/public_html/roman/wp-content/themes/Divi/includes/builder/core.php(26): apply_filters('et_builder_rend...', '[et_pb_section ...')
#35 /home/dcalasan/public_html/roman/wp-content/themes/Divi/includes/builder/frontend-builder/theme-builder/frontend.php(347): et_builder_render_layout('[et_pb_section ...')
#36 /home/dcalasan/public_html/roman/wp-content/themes/Divi/includes/builder/frontend-builder/theme-builder/frontend.php(506): et_theme_builder_frontend_render_layout('et_body_layout', 92)
#37 /home/dcalasan/public_html/roman/wp-content/themes/Divi/includes/builder/frontend-builder/theme-builder/frontend-body-template.php(10): et_theme_builder_frontend_render_body(92, true, 100)
#38 /home/dcalasan/public_html/roman/wp-includes/template-loader.php(106): include('/home/dcalasan/...')
#39 /home/dcalasan/public_html/roman/wp-blog-header.php(19): require_once('/home/dcalasan/...')
#40 /home/dcalasan/public_html/roman/index.php(17): require('/home/dcalasan/...')
#41 {main}
  thrown in /home/dcalasan/public_html/roman/wp-content/themes/Divi-child/functions.php on line 49

2022-09-08T21:19:25+00:00 CRITICAL Uncaught Error: Call to undefined function du_shortcode() in /home/dcalasan/public_html/roman/wp-content/themes/Divi-child/functions.php:49
Stack trace:
#0 /home/dcalasan/public_html/roman/wp-includes/class-wp-hook.php(307): dodaj_autora('')
#1 /home/dcalasan/public_html/roman/wp-includes/class-wp-hook.php(331): WP_Hook->apply_filters('', Array)
#2 /home/dcalasan/public_html/roman/wp-includes/plugin.php(476): WP_Hook->do_action(Array)
#3 /home/dcalasan/public_html/roman/wp-content/plugins/woocommerce/templates/single-product/add-to-cart/simple.php(54): do_action('woocommerce_aft...')
#4 /home/dcalasan/public_html/roman/wp-content/plugins/woocommerce/includes/wc-core-functions.php(345): include('/home/dcalasan/...')
#5 /home/dcalasan/public_html/roman/wp-content/plugins/woocommerce/includes/wc-template-functions.php(1696): wc_get_template('single-product/...')
#6 /home/dcalasan/public_html/roman/wp-includes/class-wp-hook.php(307): woocommerce_simple_add_to_cart('')
#7 /home/dcalasan/public_html/roman/wp-includes/class-wp-hook.php(331): WP_Hook->apply_filters('', Array)
#8 /home/dcalasan/public_html/roman/wp-includes/plugin.php(476): WP_Hook->do_action(Array)
#9 /home/dcalasan/public_html/roman/wp-content/plugins/woocommerce/includes/wc-template-functions.php(1687): do_action('woocommerce_sim...')
#10 /home/dcalasan/public_html/roman/wp-content/themes/Divi/includes/builder/feature/woocommerce-modules.php(1121): woocommerce_template_single_add_to_cart()
#11 /home/dcalasan/public_html/roman/wp-content/themes/Divi/includes/builder/module/woocommerce/AddToCart.php(477): et_builder_wc_render_module_template('woocommerce_tem...', Array, Array)
#12 /home/dcalasan/public_html/roman/wp-content/themes/Divi/includes/builder/module/woocommerce/AddToCart.php(649): ET_Builder_Module_Woocommerce_Add_To_Cart::get_add_to_cart(Array)
#13 /home/dcalasan/public_html/roman/wp-content/themes/Divi/includes/builder/class-et-builder-element.php(3331): ET_Builder_Module_Woocommerce_Add_To_Cart->render(Array, '', 'et_pb_wc_add_to...', '', '', '', '', '')
#14 /home/dcalasan/public_html/roman/wp-includes/shortcodes.php(356): ET_Builder_Element->_render(Array, '', 'et_pb_wc_add_to...')
#15 [internal function]: do_shortcode_tag(Array)
#16 /home/dcalasan/public_html/roman/wp-includes/shortcodes.php(228): preg_replace_callback('/\\[(\\[?)(et_pb_...', 'do_shortcode_ta...', '[et_pb_wc_title...')
#17 /home/dcalasan/public_html/roman/wp-content/themes/Divi/includes/builder/main-structure-elements.php(3784): do_shortcode('[et_pb_wc_title...')
#18 /home/dcalasan/public_html/roman/wp-content/themes/Divi/includes/builder/class-et-builder-element.php(3331): ET_Builder_Column->render(Array, '[et_pb_wc_title...', 'et_pb_column', '', '', '', '', '')
#19 /home/dcalasan/public_html/roman/wp-includes/shortcodes.php(356): ET_Builder_Element->_render(Array, '[et_pb_wc_title...', 'et_pb_column')
#20 [internal function]: do_shortcode_tag(Array)
#21 /home/dcalasan/public_html/roman/wp-includes/shortcodes.php(228): preg_replace_callback('/\\[(\\[?)(et_pb_...', 'do_shortcode_ta...', '[et_pb_column t...')
#22 /home/dcalasan/public_html/roman/wp-content/themes/Divi/includes/builder/main-structure-elements.php(2274): do_shortcode('[et_pb_column t...')
#23 /home/dcalasan/public_html/roman/wp-content/themes/Divi/includes/builder/class-et-builder-element.php(3331): ET_Builder_Row->render(Array, '[et_pb_column t...', 'et_pb_row', '', '', '', '', '')
#24 /home/dcalasan/public_html/roman/wp-includes/shortcodes.php(356): ET_Builder_Element->_render(Array, '[et_pb_column t...', 'et_pb_row')
#25 [internal function]: do_shortcode_tag(Array)
#26 /home/dcalasan/public_html/roman/wp-includes/shortcodes.php(228): preg_replace_callback('/\\[(\\[?)(et_pb_...', 'do_shortcode_ta...', '[et_pb_row colu...')
#27 /home/dcalasan/public_html/roman/wp-content/themes/Divi/includes/builder/main-structure-elements.php(1606): do_shortcode('[et_pb_row colu...')
#28 /home/dcalasan/public_html/roman/wp-content/themes/Divi/includes/builder/class-et-builder-element.php(3331): ET_Builder_Section->render(Array, '[et_pb_row colu...', 'et_pb_section', '', '', '', '', '')
#29 /home/dcalasan/public_html/roman/wp-includes/shortcodes.php(356): ET_Builder_Element->_render(Array, '[et_pb_row colu...', 'et_pb_section')
#30 [internal function]: do_shortcode_tag(Array)
#31 /home/dcalasan/public_html/roman/wp-includes/shortcodes.php(228): preg_replace_callback('/\\[(\\[?)(et_pb_...', 'do_shortcode_ta...', '<div class="et-...')
#32 /home/dcalasan/public_html/roman/wp-includes/class-wp-hook.php(307): do_shortcode('<div class="et-...')
#33 /home/dcalasan/public_html/roman/wp-includes/plugin.php(191): WP_Hook->apply_filters('<div class="et-...', Array)
#34 /home/dcalasan/public_html/roman/wp-content/themes/Divi/includes/builder/core.php(26): apply_filters('et_builder_rend...', '[et_pb_section ...')
#35 /home/dcalasan/public_html/roman/wp-content/themes/Divi/includes/builder/frontend-builder/theme-builder/frontend.php(347): et_builder_render_layout('[et_pb_section ...')
#36 /home/dcalasan/public_html/roman/wp-content/themes/Divi/includes/builder/frontend-builder/theme-builder/frontend.php(506): et_theme_builder_frontend_render_layout('et_body_layout', 92)
#37 /home/dcalasan/public_html/roman/wp-content/themes/Divi/includes/builder/frontend-builder/theme-builder/frontend-body-template.php(10): et_theme_builder_frontend_render_body(92, true, 100)
#38 /home/dcalasan/public_html/roman/wp-includes/template-loader.php(106): include('/home/dcalasan/...')
#39 /home/dcalasan/public_html/roman/wp-blog-header.php(19): require_once('/home/dcalasan/...')
#40 /home/dcalasan/public_html/roman/index.php(17): require('/home/dcalasan/...')
#41 {main}
  thrown in /home/dcalasan/public_html/roman/wp-content/themes/Divi-child/functions.php on line 49

2022-09-08T21:19:47+00:00 CRITICAL Uncaught Error: Call to undefined function du_shortcode() in /home/dcalasan/public_html/roman/wp-content/themes/Divi-child/functions.php:49
Stack trace:
#0 /home/dcalasan/public_html/roman/wp-includes/class-wp-hook.php(307): dodaj_autora('')
#1 /home/dcalasan/public_html/roman/wp-includes/class-wp-hook.php(331): WP_Hook->apply_filters('', Array)
#2 /home/dcalasan/public_html/roman/wp-includes/plugin.php(476): WP_Hook->do_action(Array)
#3 /home/dcalasan/public_html/roman/wp-content/plugins/woocommerce/templates/single-product/add-to-cart/simple.php(54): do_action('woocommerce_aft...')
#4 /home/dcalasan/public_html/roman/wp-content/plugins/woocommerce/includes/wc-core-functions.php(345): include('/home/dcalasan/...')
#5 /home/dcalasan/public_html/roman/wp-content/plugins/woocommerce/includes/wc-template-functions.php(1696): wc_get_template('single-product/...')
#6 /home/dcalasan/public_html/roman/wp-includes/class-wp-hook.php(307): woocommerce_simple_add_to_cart('')
#7 /home/dcalasan/public_html/roman/wp-includes/class-wp-hook.php(331): WP_Hook->apply_filters('', Array)
#8 /home/dcalasan/public_html/roman/wp-includes/plugin.php(476): WP_Hook->do_action(Array)
#9 /home/dcalasan/public_html/roman/wp-content/plugins/woocommerce/includes/wc-template-functions.php(1687): do_action('woocommerce_sim...')
#10 /home/dcalasan/public_html/roman/wp-content/themes/Divi/includes/builder/feature/woocommerce-modules.php(1121): woocommerce_template_single_add_to_cart()
#11 /home/dcalasan/public_html/roman/wp-content/themes/Divi/includes/builder/module/woocommerce/AddToCart.php(477): et_builder_wc_render_module_template('woocommerce_tem...', Array, Array)
#12 /home/dcalasan/public_html/roman/wp-content/themes/Divi/includes/builder/module/woocommerce/AddToCart.php(649): ET_Builder_Module_Woocommerce_Add_To_Cart::get_add_to_cart(Array)
#13 /home/dcalasan/public_html/roman/wp-content/themes/Divi/includes/builder/class-et-builder-element.php(3331): ET_Builder_Module_Woocommerce_Add_To_Cart->render(Array, '', 'et_pb_wc_add_to...', '', '', '', '', '')
#14 /home/dcalasan/public_html/roman/wp-includes/shortcodes.php(356): ET_Builder_Element->_render(Array, '', 'et_pb_wc_add_to...')
#15 [internal function]: do_shortcode_tag(Array)
#16 /home/dcalasan/public_html/roman/wp-includes/shortcodes.php(228): preg_replace_callback('/\\[(\\[?)(et_pb_...', 'do_shortcode_ta...', '[et_pb_wc_title...')
#17 /home/dcalasan/public_html/roman/wp-content/themes/Divi/includes/builder/main-structure-elements.php(3784): do_shortcode('[et_pb_wc_title...')
#18 /home/dcalasan/public_html/roman/wp-content/themes/Divi/includes/builder/class-et-builder-element.php(3331): ET_Builder_Column->render(Array, '[et_pb_wc_title...', 'et_pb_column', '', '', '', '', '')
#19 /home/dcalasan/public_html/roman/wp-includes/shortcodes.php(356): ET_Builder_Element->_render(Array, '[et_pb_wc_title...', 'et_pb_column')
#20 [internal function]: do_shortcode_tag(Array)
#21 /home/dcalasan/public_html/roman/wp-includes/shortcodes.php(228): preg_replace_callback('/\\[(\\[?)(et_pb_...', 'do_shortcode_ta...', '[et_pb_column t...')
#22 /home/dcalasan/public_html/roman/wp-content/themes/Divi/includes/builder/main-structure-elements.php(2274): do_shortcode('[et_pb_column t...')
#23 /home/dcalasan/public_html/roman/wp-content/themes/Divi/includes/builder/class-et-builder-element.php(3331): ET_Builder_Row->render(Array, '[et_pb_column t...', 'et_pb_row', '', '', '', '', '')
#24 /home/dcalasan/public_html/roman/wp-includes/shortcodes.php(356): ET_Builder_Element->_render(Array, '[et_pb_column t...', 'et_pb_row')
#25 [internal function]: do_shortcode_tag(Array)
#26 /home/dcalasan/public_html/roman/wp-includes/shortcodes.php(228): preg_replace_callback('/\\[(\\[?)(et_pb_...', 'do_shortcode_ta...', '[et_pb_row colu...')
#27 /home/dcalasan/public_html/roman/wp-content/themes/Divi/includes/builder/main-structure-elements.php(1606): do_shortcode('[et_pb_row colu...')
#28 /home/dcalasan/public_html/roman/wp-content/themes/Divi/includes/builder/class-et-builder-element.php(3331): ET_Builder_Section->render(Array, '[et_pb_row colu...', 'et_pb_section', '', '', '', '', '')
#29 /home/dcalasan/public_html/roman/wp-includes/shortcodes.php(356): ET_Builder_Element->_render(Array, '[et_pb_row colu...', 'et_pb_section')
#30 [internal function]: do_shortcode_tag(Array)
#31 /home/dcalasan/public_html/roman/wp-includes/shortcodes.php(228): preg_replace_callback('/\\[(\\[?)(et_pb_...', 'do_shortcode_ta...', '<div class="et-...')
#32 /home/dcalasan/public_html/roman/wp-includes/class-wp-hook.php(307): do_shortcode('<div class="et-...')
#33 /home/dcalasan/public_html/roman/wp-includes/plugin.php(191): WP_Hook->apply_filters('<div class="et-...', Array)
#34 /home/dcalasan/public_html/roman/wp-content/themes/Divi/includes/builder/core.php(26): apply_filters('et_builder_rend...', '[et_pb_section ...')
#35 /home/dcalasan/public_html/roman/wp-content/themes/Divi/includes/builder/frontend-builder/theme-builder/frontend.php(347): et_builder_render_layout('[et_pb_section ...')
#36 /home/dcalasan/public_html/roman/wp-content/themes/Divi/includes/builder/frontend-builder/theme-builder/frontend.php(506): et_theme_builder_frontend_render_layout('et_body_layout', 92)
#37 /home/dcalasan/public_html/roman/wp-content/themes/Divi/includes/builder/frontend-builder/theme-builder/frontend-body-template.php(10): et_theme_builder_frontend_render_body(92, true, 100)
#38 /home/dcalasan/public_html/roman/wp-includes/template-loader.php(106): include('/home/dcalasan/...')
#39 /home/dcalasan/public_html/roman/wp-blog-header.php(19): require_once('/home/dcalasan/...')
#40 /home/dcalasan/public_html/roman/index.php(17): require('/home/dcalasan/...')
#41 {main}
  thrown in /home/dcalasan/public_html/roman/wp-content/themes/Divi-child/functions.php on line 49

2022-09-08T21:22:08+00:00 CRITICAL Uncaught Error: Call to undefined function du_shortcode() in /home/dcalasan/public_html/roman/wp-content/themes/Divi-child/functions.php:41
Stack trace:
#0 /home/dcalasan/public_html/roman/wp-includes/class-wp-hook.php(307): dodaj_autora('')
#1 /home/dcalasan/public_html/roman/wp-includes/class-wp-hook.php(331): WP_Hook->apply_filters('', Array)
#2 /home/dcalasan/public_html/roman/wp-includes/plugin.php(476): WP_Hook->do_action(Array)
#3 /home/dcalasan/public_html/roman/wp-content/plugins/woocommerce/templates/single-product/add-to-cart/simple.php(54): do_action('woocommerce_aft...')
#4 /home/dcalasan/public_html/roman/wp-content/plugins/woocommerce/includes/wc-core-functions.php(345): include('/home/dcalasan/...')
#5 /home/dcalasan/public_html/roman/wp-content/plugins/woocommerce/includes/wc-template-functions.php(1696): wc_get_template('single-product/...')
#6 /home/dcalasan/public_html/roman/wp-includes/class-wp-hook.php(307): woocommerce_simple_add_to_cart('')
#7 /home/dcalasan/public_html/roman/wp-includes/class-wp-hook.php(331): WP_Hook->apply_filters('', Array)
#8 /home/dcalasan/public_html/roman/wp-includes/plugin.php(476): WP_Hook->do_action(Array)
#9 /home/dcalasan/public_html/roman/wp-content/plugins/woocommerce/includes/wc-template-functions.php(1687): do_action('woocommerce_sim...')
#10 /home/dcalasan/public_html/roman/wp-content/themes/Divi/includes/builder/feature/woocommerce-modules.php(1121): woocommerce_template_single_add_to_cart()
#11 /home/dcalasan/public_html/roman/wp-content/themes/Divi/includes/builder/module/woocommerce/AddToCart.php(477): et_builder_wc_render_module_template('woocommerce_tem...', Array, Array)
#12 /home/dcalasan/public_html/roman/wp-content/themes/Divi/includes/builder/module/woocommerce/AddToCart.php(649): ET_Builder_Module_Woocommerce_Add_To_Cart::get_add_to_cart(Array)
#13 /home/dcalasan/public_html/roman/wp-content/themes/Divi/includes/builder/class-et-builder-element.php(3331): ET_Builder_Module_Woocommerce_Add_To_Cart->render(Array, '', 'et_pb_wc_add_to...', '', '', '', '', '')
#14 /home/dcalasan/public_html/roman/wp-includes/shortcodes.php(356): ET_Builder_Element->_render(Array, '', 'et_pb_wc_add_to...')
#15 [internal function]: do_shortcode_tag(Array)
#16 /home/dcalasan/public_html/roman/wp-includes/shortcodes.php(228): preg_replace_callback('/\\[(\\[?)(et_pb_...', 'do_shortcode_ta...', '[et_pb_wc_title...')
#17 /home/dcalasan/public_html/roman/wp-content/themes/Divi/includes/builder/main-structure-elements.php(3784): do_shortcode('[et_pb_wc_title...')
#18 /home/dcalasan/public_html/roman/wp-content/themes/Divi/includes/builder/class-et-builder-element.php(3331): ET_Builder_Column->render(Array, '[et_pb_wc_title...', 'et_pb_column', '', '', '', '', '')
#19 /home/dcalasan/public_html/roman/wp-includes/shortcodes.php(356): ET_Builder_Element->_render(Array, '[et_pb_wc_title...', 'et_pb_column')
#20 [internal function]: do_shortcode_tag(Array)
#21 /home/dcalasan/public_html/roman/wp-includes/shortcodes.php(228): preg_replace_callback('/\\[(\\[?)(et_pb_...', 'do_shortcode_ta...', '[et_pb_column t...')
#22 /home/dcalasan/public_html/roman/wp-content/themes/Divi/includes/builder/main-structure-elements.php(2274): do_shortcode('[et_pb_column t...')
#23 /home/dcalasan/public_html/roman/wp-content/themes/Divi/includes/builder/class-et-builder-element.php(3331): ET_Builder_Row->render(Array, '[et_pb_column t...', 'et_pb_row', '', '', '', '', '')
#24 /home/dcalasan/public_html/roman/wp-includes/shortcodes.php(356): ET_Builder_Element->_render(Array, '[et_pb_column t...', 'et_pb_row')
#25 [internal function]: do_shortcode_tag(Array)
#26 /home/dcalasan/public_html/roman/wp-includes/shortcodes.php(228): preg_replace_callback('/\\[(\\[?)(et_pb_...', 'do_shortcode_ta...', '[et_pb_row colu...')
#27 /home/dcalasan/public_html/roman/wp-content/themes/Divi/includes/builder/main-structure-elements.php(1606): do_shortcode('[et_pb_row colu...')
#28 /home/dcalasan/public_html/roman/wp-content/themes/Divi/includes/builder/class-et-builder-element.php(3331): ET_Builder_Section->render(Array, '[et_pb_row colu...', 'et_pb_section', '', '', '', '', '')
#29 /home/dcalasan/public_html/roman/wp-includes/shortcodes.php(356): ET_Builder_Element->_render(Array, '[et_pb_row colu...', 'et_pb_section')
#30 [internal function]: do_shortcode_tag(Array)
#31 /home/dcalasan/public_html/roman/wp-includes/shortcodes.php(228): preg_replace_callback('/\\[(\\[?)(et_pb_...', 'do_shortcode_ta...', '<div class="et-...')
#32 /home/dcalasan/public_html/roman/wp-includes/class-wp-hook.php(307): do_shortcode('<div class="et-...')
#33 /home/dcalasan/public_html/roman/wp-includes/plugin.php(191): WP_Hook->apply_filters('<div class="et-...', Array)
#34 /home/dcalasan/public_html/roman/wp-content/themes/Divi/includes/builder/core.php(26): apply_filters('et_builder_rend...', '[et_pb_section ...')
#35 /home/dcalasan/public_html/roman/wp-content/themes/Divi/includes/builder/frontend-builder/theme-builder/frontend.php(347): et_builder_render_layout('[et_pb_section ...')
#36 /home/dcalasan/public_html/roman/wp-content/themes/Divi/includes/builder/frontend-builder/theme-builder/frontend.php(506): et_theme_builder_frontend_render_layout('et_body_layout', 92)
#37 /home/dcalasan/public_html/roman/wp-content/themes/Divi/includes/builder/frontend-builder/theme-builder/frontend-body-template.php(10): et_theme_builder_frontend_render_body(92, true, 100)
#38 /home/dcalasan/public_html/roman/wp-includes/template-loader.php(106): include('/home/dcalasan/...')
#39 /home/dcalasan/public_html/roman/wp-blog-header.php(19): require_once('/home/dcalasan/...')
#40 /home/dcalasan/public_html/roman/index.php(17): require('/home/dcalasan/...')
#41 {main}
  thrown in /home/dcalasan/public_html/roman/wp-content/themes/Divi-child/functions.php on line 41

2022-09-08T21:25:38+00:00 CRITICAL Uncaught Error: Call to undefined function du_shortcode() in /home/dcalasan/public_html/roman/wp-content/themes/Divi-child/functions.php:39
Stack trace:
#0 /home/dcalasan/public_html/roman/wp-includes/class-wp-hook.php(307): dodaj_autora('')
#1 /home/dcalasan/public_html/roman/wp-includes/class-wp-hook.php(331): WP_Hook->apply_filters('', Array)
#2 /home/dcalasan/public_html/roman/wp-includes/plugin.php(476): WP_Hook->do_action(Array)
#3 /home/dcalasan/public_html/roman/wp-content/plugins/woocommerce/templates/single-product/add-to-cart/simple.php(54): do_action('woocommerce_aft...')
#4 /home/dcalasan/public_html/roman/wp-content/plugins/woocommerce/includes/wc-core-functions.php(345): include('/home/dcalasan/...')
#5 /home/dcalasan/public_html/roman/wp-content/plugins/woocommerce/includes/wc-template-functions.php(1696): wc_get_template('single-product/...')
#6 /home/dcalasan/public_html/roman/wp-includes/class-wp-hook.php(307): woocommerce_simple_add_to_cart('')
#7 /home/dcalasan/public_html/roman/wp-includes/class-wp-hook.php(331): WP_Hook->apply_filters('', Array)
#8 /home/dcalasan/public_html/roman/wp-includes/plugin.php(476): WP_Hook->do_action(Array)
#9 /home/dcalasan/public_html/roman/wp-content/plugins/woocommerce/includes/wc-template-functions.php(1687): do_action('woocommerce_sim...')
#10 /home/dcalasan/public_html/roman/wp-content/themes/Divi/includes/builder/feature/woocommerce-modules.php(1121): woocommerce_template_single_add_to_cart()
#11 /home/dcalasan/public_html/roman/wp-content/themes/Divi/includes/builder/module/woocommerce/AddToCart.php(477): et_builder_wc_render_module_template('woocommerce_tem...', Array, Array)
#12 /home/dcalasan/public_html/roman/wp-content/themes/Divi/includes/builder/module/woocommerce/AddToCart.php(649): ET_Builder_Module_Woocommerce_Add_To_Cart::get_add_to_cart(Array)
#13 /home/dcalasan/public_html/roman/wp-content/themes/Divi/includes/builder/class-et-builder-element.php(3331): ET_Builder_Module_Woocommerce_Add_To_Cart->render(Array, '', 'et_pb_wc_add_to...', '', '', '', '', '')
#14 /home/dcalasan/public_html/roman/wp-includes/shortcodes.php(356): ET_Builder_Element->_render(Array, '', 'et_pb_wc_add_to...')
#15 [internal function]: do_shortcode_tag(Array)
#16 /home/dcalasan/public_html/roman/wp-includes/shortcodes.php(228): preg_replace_callback('/\\[(\\[?)(et_pb_...', 'do_shortcode_ta...', '[et_pb_wc_title...')
#17 /home/dcalasan/public_html/roman/wp-content/themes/Divi/includes/builder/main-structure-elements.php(3784): do_shortcode('[et_pb_wc_title...')
#18 /home/dcalasan/public_html/roman/wp-content/themes/Divi/includes/builder/class-et-builder-element.php(3331): ET_Builder_Column->render(Array, '[et_pb_wc_title...', 'et_pb_column', '', '', '', '', '')
#19 /home/dcalasan/public_html/roman/wp-includes/shortcodes.php(356): ET_Builder_Element->_render(Array, '[et_pb_wc_title...', 'et_pb_column')
#20 [internal function]: do_shortcode_tag(Array)
#21 /home/dcalasan/public_html/roman/wp-includes/shortcodes.php(228): preg_replace_callback('/\\[(\\[?)(et_pb_...', 'do_shortcode_ta...', '[et_pb_column t...')
#22 /home/dcalasan/public_html/roman/wp-content/themes/Divi/includes/builder/main-structure-elements.php(2274): do_shortcode('[et_pb_column t...')
#23 /home/dcalasan/public_html/roman/wp-content/themes/Divi/includes/builder/class-et-builder-element.php(3331): ET_Builder_Row->render(Array, '[et_pb_column t...', 'et_pb_row', '', '', '', '', '')
#24 /home/dcalasan/public_html/roman/wp-includes/shortcodes.php(356): ET_Builder_Element->_render(Array, '[et_pb_column t...', 'et_pb_row')
#25 [internal function]: do_shortcode_tag(Array)
#26 /home/dcalasan/public_html/roman/wp-includes/shortcodes.php(228): preg_replace_callback('/\\[(\\[?)(et_pb_...', 'do_shortcode_ta...', '[et_pb_row colu...')
#27 /home/dcalasan/public_html/roman/wp-content/themes/Divi/includes/builder/main-structure-elements.php(1606): do_shortcode('[et_pb_row colu...')
#28 /home/dcalasan/public_html/roman/wp-content/themes/Divi/includes/builder/class-et-builder-element.php(3331): ET_Builder_Section->render(Array, '[et_pb_row colu...', 'et_pb_section', '', '', '', '', '')
#29 /home/dcalasan/public_html/roman/wp-includes/shortcodes.php(356): ET_Builder_Element->_render(Array, '[et_pb_row colu...', 'et_pb_section')
#30 [internal function]: do_shortcode_tag(Array)
#31 /home/dcalasan/public_html/roman/wp-includes/shortcodes.php(228): preg_replace_callback('/\\[(\\[?)(et_pb_...', 'do_shortcode_ta...', '<div class="et-...')
#32 /home/dcalasan/public_html/roman/wp-includes/class-wp-hook.php(307): do_shortcode('<div class="et-...')
#33 /home/dcalasan/public_html/roman/wp-includes/plugin.php(191): WP_Hook->apply_filters('<div class="et-...', Array)
#34 /home/dcalasan/public_html/roman/wp-content/themes/Divi/includes/builder/core.php(26): apply_filters('et_builder_rend...', '[et_pb_section ...')
#35 /home/dcalasan/public_html/roman/wp-content/themes/Divi/includes/builder/frontend-builder/theme-builder/frontend.php(347): et_builder_render_layout('[et_pb_section ...')
#36 /home/dcalasan/public_html/roman/wp-content/themes/Divi/includes/builder/frontend-builder/theme-builder/frontend.php(506): et_theme_builder_frontend_render_layout('et_body_layout', 92)
#37 /home/dcalasan/public_html/roman/wp-content/themes/Divi/includes/builder/frontend-builder/theme-builder/frontend-body-template.php(10): et_theme_builder_frontend_render_body(92, true, 100)
#38 /home/dcalasan/public_html/roman/wp-includes/template-loader.php(106): include('/home/dcalasan/...')
#39 /home/dcalasan/public_html/roman/wp-blog-header.php(19): require_once('/home/dcalasan/...')
#40 /home/dcalasan/public_html/roman/index.php(17): require('/home/dcalasan/...')
#41 {main}
  thrown in /home/dcalasan/public_html/roman/wp-content/themes/Divi-child/functions.php on line 39

2022-09-08T21:25:42+00:00 CRITICAL Uncaught Error: Call to undefined function du_shortcode() in /home/dcalasan/public_html/roman/wp-content/themes/Divi-child/functions.php:39
Stack trace:
#0 /home/dcalasan/public_html/roman/wp-includes/class-wp-hook.php(307): dodaj_autora('')
#1 /home/dcalasan/public_html/roman/wp-includes/class-wp-hook.php(331): WP_Hook->apply_filters('', Array)
#2 /home/dcalasan/public_html/roman/wp-includes/plugin.php(476): WP_Hook->do_action(Array)
#3 /home/dcalasan/public_html/roman/wp-content/plugins/woocommerce/templates/single-product/add-to-cart/simple.php(54): do_action('woocommerce_aft...')
#4 /home/dcalasan/public_html/roman/wp-content/plugins/woocommerce/includes/wc-core-functions.php(345): include('/home/dcalasan/...')
#5 /home/dcalasan/public_html/roman/wp-content/plugins/woocommerce/includes/wc-template-functions.php(1696): wc_get_template('single-product/...')
#6 /home/dcalasan/public_html/roman/wp-includes/class-wp-hook.php(307): woocommerce_simple_add_to_cart('')
#7 /home/dcalasan/public_html/roman/wp-includes/class-wp-hook.php(331): WP_Hook->apply_filters('', Array)
#8 /home/dcalasan/public_html/roman/wp-includes/plugin.php(476): WP_Hook->do_action(Array)
#9 /home/dcalasan/public_html/roman/wp-content/plugins/woocommerce/includes/wc-template-functions.php(1687): do_action('woocommerce_sim...')
#10 /home/dcalasan/public_html/roman/wp-content/themes/Divi/includes/builder/feature/woocommerce-modules.php(1121): woocommerce_template_single_add_to_cart()
#11 /home/dcalasan/public_html/roman/wp-content/themes/Divi/includes/builder/module/woocommerce/AddToCart.php(477): et_builder_wc_render_module_template('woocommerce_tem...', Array, Array)
#12 /home/dcalasan/public_html/roman/wp-content/themes/Divi/includes/builder/module/woocommerce/AddToCart.php(649): ET_Builder_Module_Woocommerce_Add_To_Cart::get_add_to_cart(Array)
#13 /home/dcalasan/public_html/roman/wp-content/themes/Divi/includes/builder/class-et-builder-element.php(3331): ET_Builder_Module_Woocommerce_Add_To_Cart->render(Array, '', 'et_pb_wc_add_to...', '', '', '', '', '')
#14 /home/dcalasan/public_html/roman/wp-includes/shortcodes.php(356): ET_Builder_Element->_render(Array, '', 'et_pb_wc_add_to...')
#15 [internal function]: do_shortcode_tag(Array)
#16 /home/dcalasan/public_html/roman/wp-includes/shortcodes.php(228): preg_replace_callback('/\\[(\\[?)(et_pb_...', 'do_shortcode_ta...', '[et_pb_wc_title...')
#17 /home/dcalasan/public_html/roman/wp-content/themes/Divi/includes/builder/main-structure-elements.php(3784): do_shortcode('[et_pb_wc_title...')
#18 /home/dcalasan/public_html/roman/wp-content/themes/Divi/includes/builder/class-et-builder-element.php(3331): ET_Builder_Column->render(Array, '[et_pb_wc_title...', 'et_pb_column', '', '', '', '', '')
#19 /home/dcalasan/public_html/roman/wp-includes/shortcodes.php(356): ET_Builder_Element->_render(Array, '[et_pb_wc_title...', 'et_pb_column')
#20 [internal function]: do_shortcode_tag(Array)
#21 /home/dcalasan/public_html/roman/wp-includes/shortcodes.php(228): preg_replace_callback('/\\[(\\[?)(et_pb_...', 'do_shortcode_ta...', '[et_pb_column t...')
#22 /home/dcalasan/public_html/roman/wp-content/themes/Divi/includes/builder/main-structure-elements.php(2274): do_shortcode('[et_pb_column t...')
#23 /home/dcalasan/public_html/roman/wp-content/themes/Divi/includes/builder/class-et-builder-element.php(3331): ET_Builder_Row->render(Array, '[et_pb_column t...', 'et_pb_row', '', '', '', '', '')
#24 /home/dcalasan/public_html/roman/wp-includes/shortcodes.php(356): ET_Builder_Element->_render(Array, '[et_pb_column t...', 'et_pb_row')
#25 [internal function]: do_shortcode_tag(Array)
#26 /home/dcalasan/public_html/roman/wp-includes/shortcodes.php(228): preg_replace_callback('/\\[(\\[?)(et_pb_...', 'do_shortcode_ta...', '[et_pb_row colu...')
#27 /home/dcalasan/public_html/roman/wp-content/themes/Divi/includes/builder/main-structure-elements.php(1606): do_shortcode('[et_pb_row colu...')
#28 /home/dcalasan/public_html/roman/wp-content/themes/Divi/includes/builder/class-et-builder-element.php(3331): ET_Builder_Section->render(Array, '[et_pb_row colu...', 'et_pb_section', '', '', '', '', '')
#29 /home/dcalasan/public_html/roman/wp-includes/shortcodes.php(356): ET_Builder_Element->_render(Array, '[et_pb_row colu...', 'et_pb_section')
#30 [internal function]: do_shortcode_tag(Array)
#31 /home/dcalasan/public_html/roman/wp-includes/shortcodes.php(228): preg_replace_callback('/\\[(\\[?)(et_pb_...', 'do_shortcode_ta...', '<div class="et-...')
#32 /home/dcalasan/public_html/roman/wp-includes/class-wp-hook.php(307): do_shortcode('<div class="et-...')
#33 /home/dcalasan/public_html/roman/wp-includes/plugin.php(191): WP_Hook->apply_filters('<div class="et-...', Array)
#34 /home/dcalasan/public_html/roman/wp-content/themes/Divi/includes/builder/core.php(26): apply_filters('et_builder_rend...', '[et_pb_section ...')
#35 /home/dcalasan/public_html/roman/wp-content/themes/Divi/includes/builder/frontend-builder/theme-builder/frontend.php(347): et_builder_render_layout('[et_pb_section ...')
#36 /home/dcalasan/public_html/roman/wp-content/themes/Divi/includes/builder/frontend-builder/theme-builder/frontend.php(506): et_theme_builder_frontend_render_layout('et_body_layout', 92)
#37 /home/dcalasan/public_html/roman/wp-content/themes/Divi/includes/builder/frontend-builder/theme-builder/frontend-body-template.php(10): et_theme_builder_frontend_render_body(92, true, 100)
#38 /home/dcalasan/public_html/roman/wp-includes/template-loader.php(106): include('/home/dcalasan/...')
#39 /home/dcalasan/public_html/roman/wp-blog-header.php(19): require_once('/home/dcalasan/...')
#40 /home/dcalasan/public_html/roman/index.php(17): require('/home/dcalasan/...')
#41 {main}
  thrown in /home/dcalasan/public_html/roman/wp-content/themes/Divi-child/functions.php on line 39

2022-09-08T21:26:58+00:00 CRITICAL Uncaught Error: Call to undefined function du_shortcode() in /home/dcalasan/public_html/roman/wp-content/themes/Divi-child/functions.php:48
Stack trace:
#0 /home/dcalasan/public_html/roman/wp-includes/class-wp-hook.php(307): dodaj_autora('')
#1 /home/dcalasan/public_html/roman/wp-includes/class-wp-hook.php(331): WP_Hook->apply_filters(NULL, Array)
#2 /home/dcalasan/public_html/roman/wp-includes/plugin.php(476): WP_Hook->do_action(Array)
#3 /home/dcalasan/public_html/roman/wp-content/plugins/woocommerce/templates/single-product/add-to-cart/simple.php(30): do_action('woocommerce_bef...')
#4 /home/dcalasan/public_html/roman/wp-content/plugins/woocommerce/includes/wc-core-functions.php(345): include('/home/dcalasan/...')
#5 /home/dcalasan/public_html/roman/wp-content/plugins/woocommerce/includes/wc-template-functions.php(1696): wc_get_template('single-product/...')
#6 /home/dcalasan/public_html/roman/wp-includes/class-wp-hook.php(307): woocommerce_simple_add_to_cart('')
#7 /home/dcalasan/public_html/roman/wp-includes/class-wp-hook.php(331): WP_Hook->apply_filters('', Array)
#8 /home/dcalasan/public_html/roman/wp-includes/plugin.php(476): WP_Hook->do_action(Array)
#9 /home/dcalasan/public_html/roman/wp-content/plugins/woocommerce/includes/wc-template-functions.php(1687): do_action('woocommerce_sim...')
#10 /home/dcalasan/public_html/roman/wp-content/themes/Divi/includes/builder/feature/woocommerce-modules.php(1121): woocommerce_template_single_add_to_cart()
#11 /home/dcalasan/public_html/roman/wp-content/themes/Divi/includes/builder/module/woocommerce/AddToCart.php(477): et_builder_wc_render_module_template('woocommerce_tem...', Array, Array)
#12 /home/dcalasan/public_html/roman/wp-content/themes/Divi/includes/builder/module/woocommerce/AddToCart.php(649): ET_Builder_Module_Woocommerce_Add_To_Cart::get_add_to_cart(Array)
#13 /home/dcalasan/public_html/roman/wp-content/themes/Divi/includes/builder/class-et-builder-element.php(3331): ET_Builder_Module_Woocommerce_Add_To_Cart->render(Array, '', 'et_pb_wc_add_to...', '', '', '', '', '')
#14 /home/dcalasan/public_html/roman/wp-includes/shortcodes.php(356): ET_Builder_Element->_render(Array, '', 'et_pb_wc_add_to...')
#15 [internal function]: do_shortcode_tag(Array)
#16 /home/dcalasan/public_html/roman/wp-includes/shortcodes.php(228): preg_replace_callback('/\\[(\\[?)(et_pb_...', 'do_shortcode_ta...', '[et_pb_wc_title...')
#17 /home/dcalasan/public_html/roman/wp-content/themes/Divi/includes/builder/main-structure-elements.php(3784): do_shortcode('[et_pb_wc_title...')
#18 /home/dcalasan/public_html/roman/wp-content/themes/Divi/includes/builder/class-et-builder-element.php(3331): ET_Builder_Column->render(Array, '[et_pb_wc_title...', 'et_pb_column', '', '', '', '', '')
#19 /home/dcalasan/public_html/roman/wp-includes/shortcodes.php(356): ET_Builder_Element->_render(Array, '[et_pb_wc_title...', 'et_pb_column')
#20 [internal function]: do_shortcode_tag(Array)
#21 /home/dcalasan/public_html/roman/wp-includes/shortcodes.php(228): preg_replace_callback('/\\[(\\[?)(et_pb_...', 'do_shortcode_ta...', '[et_pb_column t...')
#22 /home/dcalasan/public_html/roman/wp-content/themes/Divi/includes/builder/main-structure-elements.php(2274): do_shortcode('[et_pb_column t...')
#23 /home/dcalasan/public_html/roman/wp-content/themes/Divi/includes/builder/class-et-builder-element.php(3331): ET_Builder_Row->render(Array, '[et_pb_column t...', 'et_pb_row', '', '', '', '', '')
#24 /home/dcalasan/public_html/roman/wp-includes/shortcodes.php(356): ET_Builder_Element->_render(Array, '[et_pb_column t...', 'et_pb_row')
#25 [internal function]: do_shortcode_tag(Array)
#26 /home/dcalasan/public_html/roman/wp-includes/shortcodes.php(228): preg_replace_callback('/\\[(\\[?)(et_pb_...', 'do_shortcode_ta...', '[et_pb_row colu...')
#27 /home/dcalasan/public_html/roman/wp-content/themes/Divi/includes/builder/main-structure-elements.php(1606): do_shortcode('[et_pb_row colu...')
#28 /home/dcalasan/public_html/roman/wp-content/themes/Divi/includes/builder/class-et-builder-element.php(3331): ET_Builder_Section->render(Array, '[et_pb_row colu...', 'et_pb_section', '', '', '', '', '')
#29 /home/dcalasan/public_html/roman/wp-includes/shortcodes.php(356): ET_Builder_Element->_render(Array, '[et_pb_row colu...', 'et_pb_section')
#30 [internal function]: do_shortcode_tag(Array)
#31 /home/dcalasan/public_html/roman/wp-includes/shortcodes.php(228): preg_replace_callback('/\\[(\\[?)(et_pb_...', 'do_shortcode_ta...', '<div class="et-...')
#32 /home/dcalasan/public_html/roman/wp-includes/class-wp-hook.php(307): do_shortcode('<div class="et-...')
#33 /home/dcalasan/public_html/roman/wp-includes/plugin.php(191): WP_Hook->apply_filters('<div class="et-...', Array)
#34 /home/dcalasan/public_html/roman/wp-content/themes/Divi/includes/builder/core.php(26): apply_filters('et_builder_rend...', '[et_pb_section ...')
#35 /home/dcalasan/public_html/roman/wp-content/themes/Divi/includes/builder/frontend-builder/theme-builder/frontend.php(347): et_builder_render_layout('[et_pb_section ...')
#36 /home/dcalasan/public_html/roman/wp-content/themes/Divi/includes/builder/frontend-builder/theme-builder/frontend.php(506): et_theme_builder_frontend_render_layout('et_body_layout', 92)
#37 /home/dcalasan/public_html/roman/wp-content/themes/Divi/includes/builder/frontend-builder/theme-builder/frontend-body-template.php(10): et_theme_builder_frontend_render_body(92, true, 100)
#38 /home/dcalasan/public_html/roman/wp-includes/template-loader.php(106): include('/home/dcalasan/...')
#39 /home/dcalasan/public_html/roman/wp-blog-header.php(19): require_once('/home/dcalasan/...')
#40 /home/dcalasan/public_html/roman/index.php(17): require('/home/dcalasan/...')
#41 {main}
  thrown in /home/dcalasan/public_html/roman/wp-content/themes/Divi-child/functions.php on line 48

2022-09-08T21:27:17+00:00 CRITICAL Uncaught Error: Call to undefined function du_shortcode() in /home/dcalasan/public_html/roman/wp-content/themes/Divi-child/functions.php:48
Stack trace:
#0 /home/dcalasan/public_html/roman/wp-includes/class-wp-hook.php(307): dodaj_autora('')
#1 /home/dcalasan/public_html/roman/wp-includes/class-wp-hook.php(331): WP_Hook->apply_filters(NULL, Array)
#2 /home/dcalasan/public_html/roman/wp-includes/plugin.php(476): WP_Hook->do_action(Array)
#3 /home/dcalasan/public_html/roman/wp-content/plugins/woocommerce/templates/single-product/add-to-cart/simple.php(30): do_action('woocommerce_bef...')
#4 /home/dcalasan/public_html/roman/wp-content/plugins/woocommerce/includes/wc-core-functions.php(345): include('/home/dcalasan/...')
#5 /home/dcalasan/public_html/roman/wp-content/plugins/woocommerce/includes/wc-template-functions.php(1696): wc_get_template('single-product/...')
#6 /home/dcalasan/public_html/roman/wp-includes/class-wp-hook.php(307): woocommerce_simple_add_to_cart('')
#7 /home/dcalasan/public_html/roman/wp-includes/class-wp-hook.php(331): WP_Hook->apply_filters('', Array)
#8 /home/dcalasan/public_html/roman/wp-includes/plugin.php(476): WP_Hook->do_action(Array)
#9 /home/dcalasan/public_html/roman/wp-content/plugins/woocommerce/includes/wc-template-functions.php(1687): do_action('woocommerce_sim...')
#10 /home/dcalasan/public_html/roman/wp-content/themes/Divi/includes/builder/feature/woocommerce-modules.php(1121): woocommerce_template_single_add_to_cart()
#11 /home/dcalasan/public_html/roman/wp-content/themes/Divi/includes/builder/module/woocommerce/AddToCart.php(477): et_builder_wc_render_module_template('woocommerce_tem...', Array, Array)
#12 /home/dcalasan/public_html/roman/wp-content/themes/Divi/includes/builder/module/woocommerce/AddToCart.php(649): ET_Builder_Module_Woocommerce_Add_To_Cart::get_add_to_cart(Array)
#13 /home/dcalasan/public_html/roman/wp-content/themes/Divi/includes/builder/class-et-builder-element.php(3331): ET_Builder_Module_Woocommerce_Add_To_Cart->render(Array, '', 'et_pb_wc_add_to...', '', '', '', '', '')
#14 /home/dcalasan/public_html/roman/wp-includes/shortcodes.php(356): ET_Builder_Element->_render(Array, '', 'et_pb_wc_add_to...')
#15 [internal function]: do_shortcode_tag(Array)
#16 /home/dcalasan/public_html/roman/wp-includes/shortcodes.php(228): preg_replace_callback('/\\[(\\[?)(et_pb_...', 'do_shortcode_ta...', '[et_pb_wc_title...')
#17 /home/dcalasan/public_html/roman/wp-content/themes/Divi/includes/builder/main-structure-elements.php(3784): do_shortcode('[et_pb_wc_title...')
#18 /home/dcalasan/public_html/roman/wp-content/themes/Divi/includes/builder/class-et-builder-element.php(3331): ET_Builder_Column->render(Array, '[et_pb_wc_title...', 'et_pb_column', '', '', '', '', '')
#19 /home/dcalasan/public_html/roman/wp-includes/shortcodes.php(356): ET_Builder_Element->_render(Array, '[et_pb_wc_title...', 'et_pb_column')
#20 [internal function]: do_shortcode_tag(Array)
#21 /home/dcalasan/public_html/roman/wp-includes/shortcodes.php(228): preg_replace_callback('/\\[(\\[?)(et_pb_...', 'do_shortcode_ta...', '[et_pb_column t...')
#22 /home/dcalasan/public_html/roman/wp-content/themes/Divi/includes/builder/main-structure-elements.php(2274): do_shortcode('[et_pb_column t...')
#23 /home/dcalasan/public_html/roman/wp-content/themes/Divi/includes/builder/class-et-builder-element.php(3331): ET_Builder_Row->render(Array, '[et_pb_column t...', 'et_pb_row', '', '', '', '', '')
#24 /home/dcalasan/public_html/roman/wp-includes/shortcodes.php(356): ET_Builder_Element->_render(Array, '[et_pb_column t...', 'et_pb_row')
#25 [internal function]: do_shortcode_tag(Array)
#26 /home/dcalasan/public_html/roman/wp-includes/shortcodes.php(228): preg_replace_callback('/\\[(\\[?)(et_pb_...', 'do_shortcode_ta...', '[et_pb_row colu...')
#27 /home/dcalasan/public_html/roman/wp-content/themes/Divi/includes/builder/main-structure-elements.php(1606): do_shortcode('[et_pb_row colu...')
#28 /home/dcalasan/public_html/roman/wp-content/themes/Divi/includes/builder/class-et-builder-element.php(3331): ET_Builder_Section->render(Array, '[et_pb_row colu...', 'et_pb_section', '', '', '', '', '')
#29 /home/dcalasan/public_html/roman/wp-includes/shortcodes.php(356): ET_Builder_Element->_render(Array, '[et_pb_row colu...', 'et_pb_section')
#30 [internal function]: do_shortcode_tag(Array)
#31 /home/dcalasan/public_html/roman/wp-includes/shortcodes.php(228): preg_replace_callback('/\\[(\\[?)(et_pb_...', 'do_shortcode_ta...', '<div class="et-...')
#32 /home/dcalasan/public_html/roman/wp-includes/class-wp-hook.php(307): do_shortcode('<div class="et-...')
#33 /home/dcalasan/public_html/roman/wp-includes/plugin.php(191): WP_Hook->apply_filters('<div class="et-...', Array)
#34 /home/dcalasan/public_html/roman/wp-content/themes/Divi/includes/builder/core.php(26): apply_filters('et_builder_rend...', '[et_pb_section ...')
#35 /home/dcalasan/public_html/roman/wp-content/themes/Divi/includes/builder/frontend-builder/theme-builder/frontend.php(347): et_builder_render_layout('[et_pb_section ...')
#36 /home/dcalasan/public_html/roman/wp-content/themes/Divi/includes/builder/frontend-builder/theme-builder/frontend.php(506): et_theme_builder_frontend_render_layout('et_body_layout', 92)
#37 /home/dcalasan/public_html/roman/wp-content/themes/Divi/includes/builder/frontend-builder/theme-builder/frontend-body-template.php(10): et_theme_builder_frontend_render_body(92, true, 100)
#38 /home/dcalasan/public_html/roman/wp-includes/template-loader.php(106): include('/home/dcalasan/...')
#39 /home/dcalasan/public_html/roman/wp-blog-header.php(19): require_once('/home/dcalasan/...')
#40 /home/dcalasan/public_html/roman/index.php(17): require('/home/dcalasan/...')
#41 {main}
  thrown in /home/dcalasan/public_html/roman/wp-content/themes/Divi-child/functions.php on line 48

