2022-09-17T21:24:09+00:00 CRITICAL Cannot redeclare promeni_cart() (previously declared in /home/dcalasan/public_html/projekat/wp-content/themes/astra-child/functions.php:37) in /home/dcalasan/public_html/projekat/wp-content/themes/astra-child/functions.php on line 47

2022-09-17T21:26:48+00:00 CRITICAL Cannot redeclare promeni_cart() (previously declared in /home/dcalasan/public_html/projekat/wp-content/themes/astra-child/functions.php:37) in /home/dcalasan/public_html/projekat/wp-content/themes/astra-child/functions.php on line 45

2022-09-17T21:26:48+00:00 CRITICAL Cannot redeclare promeni_cart() (previously declared in /home/dcalasan/public_html/projekat/wp-content/themes/astra-child/functions.php:37) in /home/dcalasan/public_html/projekat/wp-content/themes/astra-child/functions.php on line 45

2022-09-17T21:30:39+00:00 CRITICAL Uncaught Error: Call to undefined function dd_filter() in /home/dcalasan/public_html/projekat/wp-content/themes/astra-child/functions.php:55
Stack trace:
#0 /home/dcalasan/public_html/projekat/wp-settings.php(566): include()
#1 /home/dcalasan/public_html/projekat/wp-config.php(96): require_once('/home/dcalasan/...')
#2 /home/dcalasan/public_html/projekat/wp-load.php(50): require_once('/home/dcalasan/...')
#3 /home/dcalasan/public_html/projekat/wp-admin/admin.php(34): require_once('/home/dcalasan/...')
#4 /home/dcalasan/public_html/projekat/wp-admin/theme-editor.php(10): require_once('/home/dcalasan/...')
#5 {main}
  thrown in /home/dcalasan/public_html/projekat/wp-content/themes/astra-child/functions.php on line 55

2022-09-17T21:31:02+00:00 CRITICAL Cannot redeclare korpa() (previously declared in /home/dcalasan/public_html/projekat/wp-content/themes/astra-child/functions.php:47) in /home/dcalasan/public_html/projekat/wp-content/themes/astra-child/functions.php on line 57

2022-09-17T21:31:22+00:00 CRITICAL Uncaught Error: Call to undefined function dd_filter() in /home/dcalasan/public_html/projekat/wp-content/themes/astra-child/functions.php:55
Stack trace:
#0 /home/dcalasan/public_html/projekat/wp-settings.php(566): include()
#1 /home/dcalasan/public_html/projekat/wp-config.php(96): require_once('/home/dcalasan/...')
#2 /home/dcalasan/public_html/projekat/wp-load.php(50): require_once('/home/dcalasan/...')
#3 /home/dcalasan/public_html/projekat/wp-cron.php(44): require_once('/home/dcalasan/...')
#4 {main}
  thrown in /home/dcalasan/public_html/projekat/wp-content/themes/astra-child/functions.php on line 55

2022-09-17T21:31:22+00:00 CRITICAL Uncaught Error: Call to undefined function dd_filter() in /home/dcalasan/public_html/projekat/wp-content/themes/astra-child/functions.php:55
Stack trace:
#0 /home/dcalasan/public_html/projekat/wp-settings.php(566): include()
#1 /home/dcalasan/public_html/projekat/wp-config.php(96): require_once('/home/dcalasan/...')
#2 /home/dcalasan/public_html/projekat/wp-load.php(50): require_once('/home/dcalasan/...')
#3 /home/dcalasan/public_html/projekat/wp-admin/admin.php(34): require_once('/home/dcalasan/...')
#4 /home/dcalasan/public_html/projekat/wp-admin/theme-editor.php(10): require_once('/home/dcalasan/...')
#5 {main}
  thrown in /home/dcalasan/public_html/projekat/wp-content/themes/astra-child/functions.php on line 55

2022-09-17T21:32:31+00:00 CRITICAL Cannot redeclare korpa() (previously declared in /home/dcalasan/public_html/projekat/wp-content/themes/astra-child/functions.php:47) in /home/dcalasan/public_html/projekat/wp-content/themes/astra-child/functions.php on line 67

2022-09-17T21:35:40+00:00 CRITICAL Cannot redeclare translate() (previously declared in /home/dcalasan/public_html/projekat/wp-includes/l10n.php:184) in /home/dcalasan/public_html/projekat/wp-content/themes/astra-child/functions.php on line 87

2022-09-17T21:35:47+00:00 CRITICAL Cannot redeclare translate() (previously declared in /home/dcalasan/public_html/projekat/wp-includes/l10n.php:184) in /home/dcalasan/public_html/projekat/wp-content/themes/astra-child/functions.php on line 87

2022-09-17T21:37:00+00:00 CRITICAL Uncaught Error: Call to undefined function dd_filter() in /home/dcalasan/public_html/projekat/wp-content/themes/astra-child/functions.php:95
Stack trace:
#0 /home/dcalasan/public_html/projekat/wp-settings.php(566): include()
#1 /home/dcalasan/public_html/projekat/wp-config.php(96): require_once('/home/dcalasan/...')
#2 /home/dcalasan/public_html/projekat/wp-load.php(50): require_once('/home/dcalasan/...')
#3 /home/dcalasan/public_html/projekat/wp-admin/admin.php(34): require_once('/home/dcalasan/...')
#4 /home/dcalasan/public_html/projekat/wp-admin/theme-editor.php(10): require_once('/home/dcalasan/...')
#5 {main}
  thrown in /home/dcalasan/public_html/projekat/wp-content/themes/astra-child/functions.php on line 95

2022-09-17T21:39:36+00:00 CRITICAL Uncaught Error: Call to undefined function dd_filter() in /home/dcalasan/public_html/projekat/wp-content/themes/astra-child/functions.php:105
Stack trace:
#0 /home/dcalasan/public_html/projekat/wp-settings.php(566): include()
#1 /home/dcalasan/public_html/projekat/wp-config.php(96): require_once('/home/dcalasan/...')
#2 /home/dcalasan/public_html/projekat/wp-load.php(50): require_once('/home/dcalasan/...')
#3 /home/dcalasan/public_html/projekat/wp-admin/admin.php(34): require_once('/home/dcalasan/...')
#4 /home/dcalasan/public_html/projekat/wp-admin/theme-editor.php(10): require_once('/home/dcalasan/...')
#5 {main}
  thrown in /home/dcalasan/public_html/projekat/wp-content/themes/astra-child/functions.php on line 105

2022-09-17T21:44:45+00:00 CRITICAL Uncaught Error: Call to undefined function dd_filter() in /home/dcalasan/public_html/projekat/wp-content/themes/astra-child/functions.php:125
Stack trace:
#0 /home/dcalasan/public_html/projekat/wp-settings.php(566): include()
#1 /home/dcalasan/public_html/projekat/wp-config.php(96): require_once('/home/dcalasan/...')
#2 /home/dcalasan/public_html/projekat/wp-load.php(50): require_once('/home/dcalasan/...')
#3 /home/dcalasan/public_html/projekat/wp-admin/admin.php(34): require_once('/home/dcalasan/...')
#4 /home/dcalasan/public_html/projekat/wp-admin/theme-editor.php(10): require_once('/home/dcalasan/...')
#5 {main}
  thrown in /home/dcalasan/public_html/projekat/wp-content/themes/astra-child/functions.php on line 125

2022-09-17T21:46:47+00:00 CRITICAL syntax error, unexpected identifier "ukupno", expecting "(" in /home/dcalasan/public_html/projekat/wp-content/themes/astra-child/functions.php on line 137

2022-09-17T22:20:54+00:00 CRITICAL Cannot redeclare sve_ukupno() (previously declared in /home/dcalasan/public_html/projekat/wp-content/themes/astra-child/functions.php:130) in /home/dcalasan/public_html/projekat/wp-content/themes/astra-child/functions.php on line 180

2022-09-17T22:20:54+00:00 CRITICAL Cannot redeclare sve_ukupno() (previously declared in /home/dcalasan/public_html/projekat/wp-content/themes/astra-child/functions.php:130) in /home/dcalasan/public_html/projekat/wp-content/themes/astra-child/functions.php on line 180

2022-09-17T22:26:25+00:00 CRITICAL Cannot redeclare opcija() (previously declared in /home/dcalasan/public_html/projekat/wp-content/themes/astra-child/functions.php:160) in /home/dcalasan/public_html/projekat/wp-content/themes/astra-child/functions.php on line 230

2022-09-17T22:27:27+00:00 CRITICAL Cannot redeclare opcija() (previously declared in /home/dcalasan/public_html/projekat/wp-content/themes/astra-child/functions.php:160) in /home/dcalasan/public_html/projekat/wp-content/themes/astra-child/functions.php on line 230

